<?xml version="1.0" encoding="UTF-8"?>
<!-- Generated by org.testng.reporters.JUnitXMLReporter -->
<testsuite hostname="P5LAP-77PTMF2" ignored="0" name="Different Feature test" tests="24" failures="0" timestamp="16 Aug 2019 20:02:41 GMT" time="1.34" errors="0">
  <testcase name="@BeforeTest launchBrowser" time="0.951" classname="com.uiFramework.absecompany.automation.testNG.testNGBasics">
    <failure type="org.openqa.selenium.WebDriverException" message="unknown error: cannot determine loading status
from disconnected: received Inspector.detached event
  (Session info: chrome=76.0.3809.100)
Build info: version: &amp;apos;3.14.0&amp;apos;, revision: &amp;apos;aacccce0&amp;apos;, time: &amp;apos;2018-08-02T20:19:58.91Z&amp;apos;
System info: host: &amp;apos;P5LAP-77PTMF2&amp;apos;, ip: &amp;apos;192.168.2.5&amp;apos;, os.name: &amp;apos;Windows 10&amp;apos;, os.arch: &amp;apos;amd64&amp;apos;, os.version: &amp;apos;10.0&amp;apos;, java.version: &amp;apos;1.8.0_211&amp;apos;
Driver info: org.openqa.selenium.chrome.ChromeDriver
Capabilities {acceptInsecureCerts: false, browserName: chrome, browserVersion: 76.0.3809.100, chrome: {chromedriverVersion: 75.0.3770.140 (2d9f97485c7b..., userDataDir: C:\Users\ABHINA~1.SUT\AppDa...}, goog:chromeOptions: {debuggerAddress: localhost:53503}, javascriptEnabled: true, networkConnectionEnabled: false, pageLoadStrategy: normal, platform: XP, platformName: XP, proxy: Proxy(), setWindowRect: true, strictFileInteractability: false, timeouts: {implicit: 0, pageLoad: 300000, script: 30000}, unhandledPromptBehavior: dismiss and notify}
Session ID: ccc2d77961b5714a70003ac499fc40fc">
      <![CDATA[org.openqa.selenium.WebDriverException: unknown error: cannot determine loading status
from disconnected: received Inspector.detached event
  (Session info: chrome=76.0.3809.100)
Build info: version: '3.14.0', revision: 'aacccce0', time: '2018-08-02T20:19:58.91Z'
System info: host: 'P5LAP-77PTMF2', ip: '192.168.2.5', os.name: 'Windows 10', os.arch: 'amd64', os.version: '10.0', java.version: '1.8.0_211'
Driver info: org.openqa.selenium.chrome.ChromeDriver
Capabilities {acceptInsecureCerts: false, browserName: chrome, browserVersion: 76.0.3809.100, chrome: {chromedriverVersion: 75.0.3770.140 (2d9f97485c7b..., userDataDir: C:\Users\ABHINA~1.SUT\AppDa...}, goog:chromeOptions: {debuggerAddress: localhost:53503}, javascriptEnabled: true, networkConnectionEnabled: false, pageLoadStrategy: normal, platform: XP, platformName: XP, proxy: Proxy(), setWindowRect: true, strictFileInteractability: false, timeouts: {implicit: 0, pageLoad: 300000, script: 30000}, unhandledPromptBehavior: dismiss and notify}
Session ID: ccc2d77961b5714a70003ac499fc40fc
at org.openqa.selenium.remote.http.W3CHttpResponseCodec.createException(W3CHttpResponseCodec.java:187)
at org.openqa.selenium.remote.http.W3CHttpResponseCodec.decode(W3CHttpResponseCodec.java:122)
at org.openqa.selenium.remote.http.W3CHttpResponseCodec.decode(W3CHttpResponseCodec.java:49)
at org.openqa.selenium.remote.HttpCommandExecutor.execute(HttpCommandExecutor.java:158)
at org.openqa.selenium.remote.service.DriverCommandExecutor.execute(DriverCommandExecutor.java:83)
at org.openqa.selenium.remote.RemoteWebDriver.execute(RemoteWebDriver.java:548)
at org.openqa.selenium.remote.RemoteWebDriver.get(RemoteWebDriver.java:276)
at com.uiFramework.absecompany.automation.testNG.testNGBasics.launchBrowser(testNGBasics.java:34)
... Removed 28 stack frames]]>
    </failure>
  </testcase> <!-- @BeforeTest launchBrowser -->
  <testcase name="@BeforeClass beforeClass" time="0.0" classname="com.uiFramework.abscompany.automation.testbase.TestBase">
    <skipped/>
  </testcase> <!-- @BeforeClass beforeClass -->
  <testcase name="@BeforeMethod beforeMethod" time="0.0" classname="com.uiFramework.abscompany.automation.testbase.TestBase">
    <skipped/>
  </testcase> <!-- @BeforeMethod beforeMethod -->
  <testcase name="@AfterMethod afterMethod" time="0.0" classname="com.uiFramework.abscompany.automation.testbase.TestBase">
    <skipped/>
  </testcase> <!-- @AfterMethod afterMethod -->
  <testcase name="@BeforeMethod beforeMethod" time="0.0" classname="com.uiFramework.abscompany.automation.testbase.TestBase">
    <skipped/>
  </testcase> <!-- @BeforeMethod beforeMethod -->
  <testcase name="@AfterMethod afterMethod" time="0.0" classname="com.uiFramework.abscompany.automation.testbase.TestBase">
    <skipped/>
  </testcase> <!-- @AfterMethod afterMethod -->
  <testcase name="@BeforeMethod beforeMethod" time="0.0" classname="com.uiFramework.abscompany.automation.testbase.TestBase">
    <skipped/>
  </testcase> <!-- @BeforeMethod beforeMethod -->
  <testcase name="@AfterMethod afterMethod" time="0.0" classname="com.uiFramework.abscompany.automation.testbase.TestBase">
    <skipped/>
  </testcase> <!-- @AfterMethod afterMethod -->
  <testcase name="@BeforeMethod beforeMethod" time="0.0" classname="com.uiFramework.abscompany.automation.testbase.TestBase">
    <skipped/>
  </testcase> <!-- @BeforeMethod beforeMethod -->
  <testcase name="@AfterMethod afterMethod" time="0.0" classname="com.uiFramework.abscompany.automation.testbase.TestBase">
    <skipped/>
  </testcase> <!-- @AfterMethod afterMethod -->
  <testcase name="@BeforeClass login" time="0.0" classname="com.uiFramework.absecompany.automation.testNG.testNGBasics">
    <skipped/>
  </testcase> <!-- @BeforeClass login -->
  <testcase name="@BeforeMethod enterURL" time="0.0" classname="com.uiFramework.absecompany.automation.testNG.testNGBasics">
    <skipped/>
  </testcase> <!-- @BeforeMethod enterURL -->
  <testcase name="@AfterMethod logOut" time="0.0" classname="com.uiFramework.absecompany.automation.testNG.testNGBasics">
    <skipped/>
  </testcase> <!-- @AfterMethod logOut -->
  <testcase name="@BeforeMethod enterURL" time="0.0" classname="com.uiFramework.absecompany.automation.testNG.testNGBasics">
    <skipped/>
  </testcase> <!-- @BeforeMethod enterURL -->
  <testcase name="@AfterMethod logOut" time="0.0" classname="com.uiFramework.absecompany.automation.testNG.testNGBasics">
    <skipped/>
  </testcase> <!-- @AfterMethod logOut -->
  <testcase name="@BeforeMethod enterURL" time="0.0" classname="com.uiFramework.absecompany.automation.testNG.testNGBasics">
    <skipped/>
  </testcase> <!-- @BeforeMethod enterURL -->
  <testcase name="@AfterMethod logOut" time="0.0" classname="com.uiFramework.absecompany.automation.testNG.testNGBasics">
    <skipped/>
  </testcase> <!-- @AfterMethod logOut -->
  <testcase name="@BeforeMethod enterURL" time="0.0" classname="com.uiFramework.absecompany.automation.testNG.testNGBasics">
    <skipped/>
  </testcase> <!-- @BeforeMethod enterURL -->
  <testcase name="@AfterMethod logOut" time="0.0" classname="com.uiFramework.absecompany.automation.testNG.testNGBasics">
    <skipped/>
  </testcase> <!-- @AfterMethod logOut -->
  <testcase name="@BeforeMethod enterURL" time="0.0" classname="com.uiFramework.absecompany.automation.testNG.testNGBasics">
    <skipped/>
  </testcase> <!-- @BeforeMethod enterURL -->
  <testcase name="@AfterMethod logOut" time="0.0" classname="com.uiFramework.absecompany.automation.testNG.testNGBasics">
    <skipped/>
  </testcase> <!-- @AfterMethod logOut -->
  <testcase name="@BeforeMethod enterURL" time="0.0" classname="com.uiFramework.absecompany.automation.testNG.testNGBasics">
    <skipped/>
  </testcase> <!-- @BeforeMethod enterURL -->
  <testcase name="@AfterMethod logOut" time="0.0" classname="com.uiFramework.absecompany.automation.testNG.testNGBasics">
    <skipped/>
  </testcase> <!-- @AfterMethod logOut -->
  <testcase name="@BeforeMethod enterURL" time="0.0" classname="com.uiFramework.absecompany.automation.testNG.testNGBasics">
    <skipped/>
  </testcase> <!-- @BeforeMethod enterURL -->
  <testcase name="@AfterMethod logOut" time="0.0" classname="com.uiFramework.absecompany.automation.testNG.testNGBasics">
    <skipped/>
  </testcase> <!-- @AfterMethod logOut -->
  <testcase name="@AfterClass closeBrowser" time="0.0" classname="com.uiFramework.absecompany.automation.testNG.testNGBasics">
    <skipped/>
  </testcase> <!-- @AfterClass closeBrowser -->
  <testcase name="@AfterTest deleteAllCookies" time="0.0" classname="com.uiFramework.absecompany.automation.testNG.testNGBasics">
    <skipped/>
  </testcase> <!-- @AfterTest deleteAllCookies -->
  <testcase name="testLogin" time="0.0" classname="com.uiFramework.abscompany.automation.testScripts.TestScript1">
    <skipped/>
  </testcase> <!-- testLogin -->
  <testcase name="testLogin1" time="0.0" classname="com.uiFramework.abscompany.automation.testScripts.TestScript1">
    <skipped/>
  </testcase> <!-- testLogin1 -->
  <testcase name="testLogin2" time="0.0" classname="com.uiFramework.abscompany.automation.testScripts.TestScript1">
    <skipped/>
  </testcase> <!-- testLogin2 -->
  <testcase name="testLogin3" time="0.0" classname="com.uiFramework.abscompany.automation.testScripts.TestScript1">
    <skipped/>
  </testcase> <!-- testLogin3 -->
  <testcase name="test1" time="0.0" classname="com.uiFramework.absecompany.automation.testNG.InvocationCount">
    <skipped/>
  </testcase> <!-- test1 -->
  <testcase name="test1" time="0.0" classname="com.uiFramework.absecompany.automation.testNG.InvocationCount">
    <skipped/>
  </testcase> <!-- test1 -->
  <testcase name="test1" time="0.0" classname="com.uiFramework.absecompany.automation.testNG.InvocationCount">
    <skipped/>
  </testcase> <!-- test1 -->
  <testcase name="test1" time="0.0" classname="com.uiFramework.absecompany.automation.testNG.InvocationCount">
    <skipped/>
  </testcase> <!-- test1 -->
  <testcase name="test1" time="0.0" classname="com.uiFramework.absecompany.automation.testNG.InvocationCount">
    <skipped/>
  </testcase> <!-- test1 -->
  <testcase name="test1" time="0.0" classname="com.uiFramework.absecompany.automation.testNG.InvocationCount">
    <skipped/>
  </testcase> <!-- test1 -->
  <testcase name="test1" time="0.0" classname="com.uiFramework.absecompany.automation.testNG.InvocationCount">
    <skipped/>
  </testcase> <!-- test1 -->
  <testcase name="test1" time="0.0" classname="com.uiFramework.absecompany.automation.testNG.InvocationCount">
    <skipped/>
  </testcase> <!-- test1 -->
  <testcase name="test1" time="0.0" classname="com.uiFramework.absecompany.automation.testNG.InvocationCount">
    <skipped/>
  </testcase> <!-- test1 -->
  <testcase name="test1" time="0.0" classname="com.uiFramework.absecompany.automation.testNG.InvocationCount">
    <skipped/>
  </testcase> <!-- test1 -->
  <testcase name="language" time="0.0" classname="com.uiFramework.absecompany.automation.testNG.testNGBasics">
    <skipped/>
  </testcase> <!-- language -->
  <testcase name="googleTitleTest" time="0.0" classname="com.uiFramework.absecompany.automation.testNG.testNGBasics">
    <skipped/>
  </testcase> <!-- googleTitleTest -->
  <testcase name="googleTitleTest" time="0.0" classname="com.uiFramework.absecompany.automation.testNG.testNGBasics">
    <skipped/>
  </testcase> <!-- googleTitleTest -->
  <testcase name="googleTitleTest" time="0.0" classname="com.uiFramework.absecompany.automation.testNG.testNGBasics">
    <skipped/>
  </testcase> <!-- googleTitleTest -->
  <testcase name="googleTitleTest" time="0.0" classname="com.uiFramework.absecompany.automation.testNG.testNGBasics">
    <skipped/>
  </testcase> <!-- googleTitleTest -->
  <testcase name="googleTitleTest" time="0.0" classname="com.uiFramework.absecompany.automation.testNG.testNGBasics">
    <skipped/>
  </testcase> <!-- googleTitleTest -->
  <testcase name="logoTest" time="0.0" classname="com.uiFramework.absecompany.automation.testNG.testNGBasics">
    <skipped/>
  </testcase> <!-- logoTest -->
  <testcase name="links" time="0.0" classname="com.uiFramework.absecompany.automation.testNG.testNGBasics">
    <skipped/>
  </testcase> <!-- links -->
  <testcase name="search" time="0.0" classname="com.uiFramework.absecompany.automation.testNG.testNGBasics">
    <skipped/>
  </testcase> <!-- search -->
  <testcase name="gmailoption" time="0.0" classname="com.uiFramework.absecompany.automation.testNG.testNGBasics">
    <skipped/>
  </testcase> <!-- gmailoption -->
</testsuite> <!-- Different Feature test -->
