<?xml version="1.0" encoding="UTF-8"?>
<!-- Generated by org.testng.reporters.JUnitXMLReporter -->
<testsuite hostname="P5LAP-77PTMF2" ignored="0" name="SecondTest" tests="3" failures="1" timestamp="16 Aug 2019 20:21:53 GMT" time="0.016" errors="0">
  <testcase name="testLogin" time="0.0" classname="com.uiFramework.B">
    <skipped/>
  </testcase> <!-- testLogin -->
  <testcase name="testLogin" time="0.0" classname="com.uiFramework.B">
    <skipped/>
  </testcase> <!-- testLogin -->
  <testcase name="testLogin" time="0.0" classname="com.uiFramework.B">
    <failure type="java.lang.AssertionError" message="expected [true] but found [false]">
      <![CDATA[java.lang.AssertionError: expected [true] but found [false]
at com.uiFramework.B.testLogin(B.java:10)
... Removed 29 stack frames]]>
    </failure>
  </testcase> <!-- testLogin -->
</testsuite> <!-- SecondTest -->
